/*C1*/SET SCHEMA PUBLIC
CONNECT USER SA
DISCONNECT
/*C2*/SET SCHEMA PUBLIC
CONNECT USER SA
DISCONNECT
/*C3*/SET SCHEMA PUBLIC
CONNECT USER SA
/*C4*/SET SCHEMA PUBLIC
CONNECT USER SA
/*C5*/SET SCHEMA PUBLIC
CONNECT USER SA
/*C6*/SET SCHEMA PUBLIC
CONNECT USER SA
/*C7*/SET SCHEMA PUBLIC
CONNECT USER SA
/*C8*/SET SCHEMA PUBLIC
CONNECT USER SA
/*C9*/SET SCHEMA PUBLIC
CONNECT USER SA
/*C10*/SET SCHEMA PUBLIC
CONNECT USER SA
/*C11*/SET SCHEMA PUBLIC
CONNECT USER SA
/*C12*/SET SCHEMA PUBLIC
CONNECT USER SA
SET LOGSIZE 5
SET AUTOCOMMIT FALSE
/*C11*/SET AUTOCOMMIT FALSE
ALTER TABLE fr_exerecord ADD sql LONGVARCHAR NULL
ALTER TABLE fr_exerecord ADD browser VARCHAR(255) NULL
ALTER TABLE fr_exerecord ADD memory NUMERIC NULL
ALTER TABLE fr_exprecord ADD sql LONGVARCHAR NULL
ALTER TABLE fr_exprecord ADD browser VARCHAR(255) NULL
ALTER TABLE fr_exprecord ADD memory NUMERIC NULL
SET AUTOCOMMIT TRUE
/*C12*/SET AUTOCOMMIT TRUE
INSERT INTO FR_ERRRECORD VALUES(2,'\u975e\u6a21\u677f\u89e6\u53d1\u9519\u8bef',NULL,6,'com.fr.bi.BIPlate','java.lang.ClassNotFoundException: com.fr.bi.BIPlate\u000d\u000a\u0009at java.net.URLClassLoader$1.run(URLClassLoader.java:366)\u000d\u000a\u0009at java.net.URLClassLoader$1.run(URLClassLoader.java:355)\u000d\u000a\u0009at java.security.AccessController.doPrivileged(Native Method)\u000d\u000a\u0009at java.net.URLClassLoader.findClass(URLClassLoader.java:354)\u000d\u000a\u0009at java.lang.ClassLoader.loadClass(ClassLoader.java:425)\u000d\u000a\u0009at java.lang.ClassLoader.loadClass(ClassLoader.java:358)\u000d\u000a\u0009at java.lang.Class.forName0(Native Method)\u000d\u000a\u0009at java.lang.Class.forName(Class.java:278)\u000d\u000a\u0009at com.fr.general.GeneralUtils.classForName(Unknown Source)\u000d\u000a\u0009at com.fr.fs.PlateFactory.startPlate(Unknown Source)\u000d\u000a\u0009at com.fr.fs.FSModule.startPlate(Unknown Source)\u000d\u000a\u0009at com.fr.fs.FSModule.init(Unknown Source)\u000d\u000a\u0009at com.fr.fs.FSModule.startFinish(Unknown Source)\u000d\u000a\u0009at com.fr.report.module.EngineModule.start(Unknown Source)\u000d\u000a\u0009at com.fr.general.ModuleContext.startModule(Unknown Source)\u000d\u000a\u0009at com.fr.web.BaseServlet.init(Unknown Source)\u000d\u000a\u0009at com.fr.web.ReportServlet.init(Unknown Source)\u000d\u000a\u0009at org.apache.catalina.core.StandardWrapper.initServlet(StandardWrapper.java:1269)\u000d\u000a\u0009at org.apache.catalina.core.StandardWrapper.loadServlet(StandardWrapper.java:1182)\u000d\u000a\u0009at org.apache.catalina.core.StandardWrapper.load(StandardWrapper.java:1072)\u000d\u000a\u0009at org.apache.catalina.core.StandardContext.loadOnStartup(StandardContext.java:5368)\u000d\u000a\u0009at org.apache.catalina.core.StandardContext.startInternal(StandardContext.java:5660)\u000d\u000a\u0009at org.apache.catalina.util.LifecycleBase.start(LifecycleBase.java:145)\u000d\u000a\u0009at org.apache.catalina.core.ContainerBase.addChildInternal(ContainerBase.java:899)\u000d\u000a\u0009at org.apache.catalina.core.ContainerBase.addChild(ContainerBase.java:875)\u000d\u000a\u0009at org.apache.catalina.core.StandardHost.addChild(StandardHost.java:652)\u000d\u000a\u0009at org.apache.catalina.startup.HostConfig.manageApp(HostConfig.java:1863)\u000d\u000a\u0009at sun.reflect.NativeMethodAccessorImpl.invoke0(Native Method)\u000d\u000a\u0009at sun.reflect.NativeMethodAccessorImpl.invoke(NativeMethodAccessorImpl.java:57)\u000d\u000a\u0009at sun.reflect.DelegatingMethodAccessorImpl.invoke(DelegatingMethodAccessorImpl.java:43)\u000d\u000a\u0009at java.lang.reflect.Method.invoke(Method.java:606)\u000d\u000a\u0009at org.apache.tomcat.util.modeler.BaseModelMBean.invoke(BaseModelMBean.java:301)\u000d\u000a\u0009at com.sun.jmx.interceptor.DefaultMBeanServerInterceptor.invoke(DefaultMBeanServerInterceptor.java:819)\u000d\u000a\u0009at com.sun.jmx.mbeanserver.JmxMBeanServer.invoke(JmxMBeanServer.java:801)\u000d\u000a\u0009at org.apache.catalina.mbeans.MBeanFactory.createStandardContext(MBeanFactory.java:618)\u000d\u000a\u0009at org.apache.catalina.mbeans.MBeanFactory.createStandardContext(MBeanFactory.java:565)\u000d\u000a\u0009at sun.reflect.NativeMethodAccessorImpl.invoke0(Native Method)\u000d\u000a\u0009at sun.reflect.NativeMethodAccessorImpl.invoke(NativeMethodAccessorImpl.java:57)\u000d\u000a\u0009at sun.reflect.DelegatingMethodAccessorImpl.invoke(DelegatingMethodAccessorImpl.java:43)\u000d\u000a\u0009at java.lang.reflect.Method.invoke(Method.java:606)\u000d\u000a\u0009at org.apache.tomcat.util.modeler.BaseModelMBean.invoke(BaseModelMBean.java:301)\u000d\u000a\u0009at com.sun.jmx.interceptor.DefaultMBeanServerInterceptor.invoke(DefaultMBeanServerInterceptor.java:819)\u000d\u000a\u0009at com.sun.jmx.mbeanserver.JmxMBeanServer.invoke(JmxMBeanServer.java:801)\u000d\u000a\u0009at javax.management.remote.rmi.RMIConnectionImpl.doOperation(RMIConnectionImpl.java:1487)\u000d\u000a\u0009at javax.management.remote.rmi.RMIConnectionImpl.access$300(RMIConnectionImpl.java:97)\u000d\u000a\u0009at javax.management.remote.rmi.RMIConnectionImpl$PrivilegedOperation.run(RMIConnectionImpl.java:1328)\u000d\u000a\u0009at javax.management.remote.rmi.RMIConnectionImpl.doPrivilegedOperation(RMIConnectionImpl.java:1420)\u000d\u000a\u0009at javax.management.remote.rmi.RMIConnectionImpl.invoke(RMIConnectionImpl.java:848)\u000d\u000a\u0009at sun.reflect.NativeMethodAccessorImpl.invoke0(Native Method)\u000d\u000a\u0009at sun.reflect.NativeMethodAccessorImpl.invoke(NativeMethodAccessorImpl.java:57)\u000d\u000a\u0009at sun.reflect.DelegatingMethodAccessorImpl.invoke(DelegatingMethodAccessorImpl.java:43)\u000d\u000a\u0009at java.lang.reflect.Method.invoke(Method.java:606)\u000d\u000a\u0009at sun.rmi.server.UnicastServerRef.dispatch(UnicastServerRef.java:322)\u000d\u000a\u0009at sun.rmi.transport.Transport$2.run(Transport.java:202)\u000d\u000a\u0009at sun.rmi.transport.Transport$2.run(Transport.java:199)\u000d\u000a\u0009at java.security.AccessController.doPrivileged(Native Method)\u000d\u000a\u0009at sun.rmi.transport.Transport.serviceCall(Transport.java:198)\u000d\u000a\u0009at sun.rmi.transport.tcp.TCPTransport.handleMessages(TCPTransport.java:567)\u000d\u000a\u0009at sun.rmi.transport.tcp.TCPTransport$ConnectionHandler.run0(TCPTransport.java:828)\u000d\u000a\u0009at sun.rmi.transport.tcp.TCPTransport$ConnectionHandler.access$400(TCPTransport.java:619)\u000d\u000a\u0009at sun.rmi.transport.tcp.TCPTransport$ConnectionHandler$1.run(TCPTransport.java:684)\u000d\u000a\u0009at sun.rmi.transport.tcp.TCPTransport$ConnectionHandler$1.run(TCPTransport.java:681)\u000d\u000a\u0009at java.security.AccessController.doPrivileged(Native Method)\u000d\u000a\u0009at sun.rmi.transport.tcp.TCPTransport$ConnectionHandler.run(TCPTransport.java:681)\u000d\u000a\u0009at java.util.concurrent.ThreadPoolExecutor.runWorker(ThreadPoolExecutor.java:1145)\u000d\u000a\u0009at java.util.concurrent.ThreadPoolExecutor$Worker.run(ThreadPoolExecutor.java:615)\u000d\u000a\u0009at java.lang.Thread.run(Thread.java:745)\u000d\u000a','2016-10-26 11:02:07.496000000')
